node : (node:21520) [M
ODULE_TYPELESS_PACKAGE
_JSON] Warning: 
Module type of file://
/C:/Users/Administrato
r/Desktop/Jogo/jogo%20
github/vairodaraqui/sh
ared/items.js is not 
specified and it 
doesn't parse as 
CommonJS.
No linha:1 caractere:1
+ node index.js 2>&1 
| Out-File error.log 
-Encoding utf8
+ ~~~~~~~~~~~~~~~~~~
    + CategoryInfo    
          : NotSpeci  
  fied: ((node:2152   
 0) [M...se as Com    
monJS.:String) []    
, RemoteException
    + FullyQualifiedE 
   rrorId : NativeCo  
  mmandError
 
Reparsing as ES 
module because module 
syntax was detected. 
This incurs a 
performance overhead.
To eliminate this 
warning, add "type": 
"module" to C:\Users\A
dministrator\package.j
son.
(Use `node 
--trace-warnings ...` 
to show where the 
warning was created)
[dotenv@17.2.3] injecting env (0) from .env -- tip: ΓÜÖ∩╕Å  write to custom object with { processEnv: myObject }
[dotenv@17.2.3] injecting env (0) from .env -- tip: ≡ƒæÑ sync secrets across teammates & machines: https://dotenvx.com/ops
WARNING: Supabase 
credentials not found 
in .env
file:///C:/Users/Admin
istrator/Desktop/Jogo/
jogo%20github/vairodar
aqui/server/node_modul
es/@supabase/supabase-
js/dist/index.mjs:150
	if (!trimmedUrl) 
throw new 
Error("supabaseUrl is 
required.");
	                     
  ^

Error: supabaseUrl is 
required.
    at 
validateSupabaseUrl (f
ile:///C:/Users/Admini
strator/Desktop/Jogo/j
ogo%20github/vairodara
qui/server/node_module
s/@supabase/supabase-j
s/dist/index.mjs:150:2
5)
    at new 
SupabaseClient (file:/
//C:/Users/Administrat
or/Desktop/Jogo/jogo%2
0github/vairodaraqui/s
erver/node_modules/@su
pabase/supabase-js/dis
t/index.mjs:199:19)
    at createClient (f
ile:///C:/Users/Admini
strator/Desktop/Jogo/j
ogo%20github/vairodara
qui/server/node_module
s/@supabase/supabase-j
s/dist/index.mjs:390:9
)
    at file:///C:/User
s/Administrator/Deskto
p/Jogo/jogo%20github/v
airodaraqui/server/ind
ex.js:35:18
    at ModuleJob.run (
node:internal/modules/
esm/module_job:274:25)
    at async onImport.
tracePromise.__proto__
 (node:internal/module
s/esm/loader:644:26)
    at async asyncRunE
ntryPointWithESMLoader
 (node:internal/module
s/run_main:116:5)

Node.js v22.15.0
